Building DAG of jobs...
Using shell: /usr/bin/bash
Provided cores: 8
Rules claiming more threads will be scaled down.
Job stats:
job              count    min threads    max threads
-------------  -------  -------------  -------------
all                  1              1              1
bcftools_call        1              1              1
plot_quals           1              1              1
total                3              1              1

Select jobs to execute...

[Tue Jun 21 10:23:24 2022]
rule bcftools_call:
    input: data/genome.fa, sorted_reads/A.bam, sorted_reads/B.bam, sorted_reads/C.bam, sorted_reads/A.bam.bai, sorted_reads/B.bam.bai, sorted_reads/C.bam.bai
    output: calls/all.vcf
    jobid: 2
    resources: tmpdir=/tmp

[Tue Jun 21 10:23:25 2022]
Finished job 2.
1 of 3 steps (33%) done
Select jobs to execute...

[Tue Jun 21 10:23:25 2022]
rule plot_quals:
    input: calls/all.vcf
    output: plots/quals.svg
    jobid: 1
    resources: tmpdir=/tmp

[Tue Jun 21 10:23:26 2022]
Finished job 1.
2 of 3 steps (67%) done
Select jobs to execute...

[Tue Jun 21 10:23:26 2022]
localrule all:
    input: plots/quals.svg
    jobid: 0
    resources: tmpdir=/tmp

[Tue Jun 21 10:23:26 2022]
Finished job 0.
3 of 3 steps (100%) done
Complete log: /home/ubuntu/snakemake-tutorial/.snakemake/log/2022-06-21T102324.380198.snakemake.log
