Building DAG of jobs...
Using shell: /usr/bin/bash
Provided cores: 1 (use --cores to define parallelism)
Rules claiming more threads will be scaled down.
Job stats:
job           count    min threads    max threads
----------  -------  -------------  -------------
plot_quals        1              1              1
total             1              1              1

Select jobs to execute...

[Sun Jun 19 22:12:51 2022]
rule plot_quals:
    input: calls/all.vcf
    output: plots/quals.svg
    jobid: 0
    resources: tmpdir=/tmp

[Sun Jun 19 22:12:51 2022]
Error in rule plot_quals:
    jobid: 0
    output: plots/quals.svg

RuleException:
CalledProcessError in line 50 of /home/ubuntu/snakemake-tutorial/Snakefile:
Command 'set -euo pipefail;  /home/ubuntu/anaconda3/envs/mamba/envs/snakemake-tutorial/bin/python3.8 /home/ubuntu/snakemake-tutorial/.snakemake/scripts/tmpfju2xsln.plot-quals.py' returned non-zero exit status 1.
  File "/home/ubuntu/snakemake-tutorial/Snakefile", line 50, in __rule_plot_quals
  File "/home/ubuntu/anaconda3/envs/mamba/envs/snakemake-tutorial/lib/python3.8/concurrent/futures/thread.py", line 57, in run
Shutting down, this might take some time.
Exiting because a job execution failed. Look above for error message
Complete log: /home/ubuntu/snakemake-tutorial/.snakemake/log/2022-06-19T221251.054926.snakemake.log
