Building DAG of jobs...
Using shell: /usr/bin/bash
Provided cores: 1 (use --cores to define parallelism)
Rules claiming more threads will be scaled down.
Job stats:
job           count    min threads    max threads
----------  -------  -------------  -------------
plot_quals        1              1              1
total             1              1              1

Select jobs to execute...

[Sun Jun 19 22:13:35 2022]
rule plot_quals:
    input: calls/all.vcf
    output: plots/quals.svg
    jobid: 0
    resources: tmpdir=/tmp

[Sun Jun 19 22:13:35 2022]
Finished job 0.
1 of 1 steps (100%) done
Complete log: /home/ubuntu/snakemake-tutorial/.snakemake/log/2022-06-19T221335.087021.snakemake.log
